This file contains any messages produced by compilers while
running configure, to aid debugging if configure makes a mistake.

It was created by tinyos-tools configure 1.2.4, which was
generated by GNU Autoconf 2.60.  Invocation command line was

  $ ./configure --no-create --no-recursion

## --------- ##
## Platform. ##
## --------- ##

hostname = abhishek-desktop
uname -m = i686
uname -r = 2.6.31-22-generic
uname -s = Linux
uname -v = #65-Ubuntu SMP Thu Sep 16 15:48:58 UTC 2010

/usr/bin/uname -p = unknown
/bin/uname -X     = unknown

/bin/arch              = unknown
/usr/bin/arch -k       = unknown
/usr/convex/getsysinfo = unknown
/usr/bin/hostinfo      = unknown
/bin/machine           = unknown
/usr/bin/oslevel       = unknown
/bin/universe          = unknown

PATH: /opt/msp430-gcc-4.4.5/bin/
PATH: /opt/jdk1.5.0_22/jre/bin
PATH: /opt/jdk1.5.0_22/bin/
PATH: /usr/local/sbin
PATH: /usr/local/bin
PATH: /usr/sbin
PATH: /usr/bin
PATH: /sbin
PATH: /bin
PATH: /usr/X11R6/bin


## ----------- ##
## Core tests. ##
## ----------- ##

configure:1750: checking for a BSD-compatible install
configure:1806: result: /usr/bin/install -c
configure:1817: checking whether build environment is sane
configure:1860: result: yes
configure:1925: checking for gawk
configure:1941: found /usr/bin/gawk
configure:1952: result: gawk
configure:1963: checking whether make sets $(MAKE)
configure:1984: result: yes
configure:2174: checking build system type
configure:2192: result: i686-pc-linux-gnu
configure:2214: checking host system type
configure:2229: result: i686-pc-linux-gnu
configure:2300: checking for gcc
configure:2316: found /usr/bin/gcc
configure:2327: result: gcc
configure:2565: checking for C compiler version
configure:2572: gcc --version >&5
gcc (Ubuntu 4.4.1-4ubuntu9) 4.4.1
Copyright (C) 2009 Free Software Foundation, Inc.
This is free software; see the source for copying conditions.  There is NO
warranty; not even for MERCHANTABILITY or FITNESS FOR A PARTICULAR PURPOSE.

configure:2575: $? = 0
configure:2582: gcc -v >&5
Using built-in specs.
Target: i486-linux-gnu
Configured with: ../src/configure -v --with-pkgversion='Ubuntu 4.4.1-4ubuntu9' --with-bugurl=file:///usr/share/doc/gcc-4.4/README.Bugs --enable-languages=c,c++,fortran,objc,obj-c++ --prefix=/usr --enable-shared --enable-multiarch --enable-linker-build-id --with-system-zlib --libexecdir=/usr/lib --without-included-gettext --enable-threads=posix --with-gxx-include-dir=/usr/include/c++/4.4 --program-suffix=-4.4 --enable-nls --enable-clocale=gnu --enable-libstdcxx-debug --enable-objc-gc --enable-targets=all --disable-werror --with-arch-32=i486 --with-tune=generic --enable-checking=release --build=i486-linux-gnu --host=i486-linux-gnu --target=i486-linux-gnu
Thread model: posix
gcc version 4.4.1 (Ubuntu 4.4.1-4ubuntu9) 
configure:2585: $? = 0
configure:2592: gcc -V >&5
gcc: '-V' option must have argument
configure:2595: $? = 1
configure:2618: checking for C compiler default output file name
configure:2645: gcc    conftest.c  >&5
configure:2648: $? = 0
configure:2694: result: a.out
configure:2699: checking whether the C compiler works
configure:2709: ./a.out
configure:2712: $? = 0
configure:2729: result: yes
configure:2736: checking whether we are cross compiling
configure:2738: result: no
configure:2741: checking for suffix of executables
configure:2748: gcc -o conftest    conftest.c  >&5
configure:2751: $? = 0
configure:2775: result: 
configure:2781: checking for suffix of object files
configure:2807: gcc -c   conftest.c >&5
configure:2810: $? = 0
configure:2833: result: o
configure:2837: checking whether we are using the GNU C compiler
configure:2866: gcc -c   conftest.c >&5
configure:2872: $? = 0
configure:2879: test -z "$ac_c_werror_flag" || test ! -s conftest.err
configure:2882: $? = 0
configure:2889: test -s conftest.o
configure:2892: $? = 0
configure:2906: result: yes
configure:2911: checking whether gcc accepts -g
configure:2941: gcc -c -g  conftest.c >&5
configure:2947: $? = 0
configure:2954: test -z "$ac_c_werror_flag" || test ! -s conftest.err
configure:2957: $? = 0
configure:2964: test -s conftest.o
configure:2967: $? = 0
configure:3097: result: yes
configure:3114: checking for gcc option to accept ISO C89
configure:3188: gcc  -c -g -O2  conftest.c >&5
configure:3194: $? = 0
configure:3201: test -z "$ac_c_werror_flag" || test ! -s conftest.err
configure:3204: $? = 0
configure:3211: test -s conftest.o
configure:3214: $? = 0
configure:3234: result: none needed
configure:3263: checking for style of include used by make
configure:3291: result: GNU
configure:3319: checking dependency style of gcc
configure:3409: result: gcc3
configure:3484: checking for g++
configure:3500: found /usr/bin/g++
configure:3511: result: g++
configure:3542: checking for C++ compiler version
configure:3549: g++ --version >&5
g++ (Ubuntu 4.4.1-4ubuntu9) 4.4.1
Copyright (C) 2009 Free Software Foundation, Inc.
This is free software; see the source for copying conditions.  There is NO
warranty; not even for MERCHANTABILITY or FITNESS FOR A PARTICULAR PURPOSE.

configure:3552: $? = 0
configure:3559: g++ -v >&5
Using built-in specs.
Target: i486-linux-gnu
Configured with: ../src/configure -v --with-pkgversion='Ubuntu 4.4.1-4ubuntu9' --with-bugurl=file:///usr/share/doc/gcc-4.4/README.Bugs --enable-languages=c,c++,fortran,objc,obj-c++ --prefix=/usr --enable-shared --enable-multiarch --enable-linker-build-id --with-system-zlib --libexecdir=/usr/lib --without-included-gettext --enable-threads=posix --with-gxx-include-dir=/usr/include/c++/4.4 --program-suffix=-4.4 --enable-nls --enable-clocale=gnu --enable-libstdcxx-debug --enable-objc-gc --enable-targets=all --disable-werror --with-arch-32=i486 --with-tune=generic --enable-checking=release --build=i486-linux-gnu --host=i486-linux-gnu --target=i486-linux-gnu
Thread model: posix
gcc version 4.4.1 (Ubuntu 4.4.1-4ubuntu9) 
configure:3562: $? = 0
configure:3569: g++ -V >&5
g++: '-V' option must have argument
configure:3572: $? = 1
configure:3575: checking whether we are using the GNU C++ compiler
configure:3604: g++ -c   conftest.cpp >&5
configure:3610: $? = 0
configure:3617: test -z "$ac_cxx_werror_flag" || test ! -s conftest.err
configure:3620: $? = 0
configure:3627: test -s conftest.o
configure:3630: $? = 0
configure:3644: result: yes
configure:3649: checking whether g++ accepts -g
configure:3679: g++ -c -g  conftest.cpp >&5
configure:3685: $? = 0
configure:3692: test -z "$ac_cxx_werror_flag" || test ! -s conftest.err
configure:3695: $? = 0
configure:3702: test -s conftest.o
configure:3705: $? = 0
configure:3835: result: yes
configure:3860: checking dependency style of g++
configure:3950: result: gcc3
configure:4010: checking for ranlib
configure:4026: found /usr/bin/ranlib
configure:4037: result: ranlib
configure:4066: checking for perl
configure:4084: found /usr/bin/perl
configure:4096: result: /usr/bin/perl
configure:4112: checking for python
configure:4130: found /usr/bin/python
configure:4142: result: /usr/bin/python
configure:4159: checking for nescc
configure:4177: found /usr/bin/nescc
configure:4189: result: /usr/bin/nescc
configure:4214: Default ncc build target is mica
configure:4216: ...but using a tos/.default-platform file is a better choice
configure:4234: TinyOS directory is /opt/tinyos-2.x/tos
configure:4238: checking for cygwin
configure:4264: result: no
configure:4289: checking for JDK location
configure:4298: result: /opt/jdk1.5.0_22
configure:4487: creating ./config.status

## ---------------- ##
## Cache variables. ##
## ---------------- ##

ac_cv_build=i686-pc-linux-gnu
ac_cv_c_compiler_gnu=yes
ac_cv_cxx_compiler_gnu=yes
ac_cv_env_CCC_set=
ac_cv_env_CCC_value=
ac_cv_env_CC_set=
ac_cv_env_CC_value=
ac_cv_env_CFLAGS_set=
ac_cv_env_CFLAGS_value=
ac_cv_env_CPPFLAGS_set=
ac_cv_env_CPPFLAGS_value=
ac_cv_env_CXXFLAGS_set=
ac_cv_env_CXXFLAGS_value=
ac_cv_env_CXX_set=
ac_cv_env_CXX_value=
ac_cv_env_LDFLAGS_set=
ac_cv_env_LDFLAGS_value=
ac_cv_env_build_alias_set=
ac_cv_env_build_alias_value=
ac_cv_env_host_alias_set=
ac_cv_env_host_alias_value=
ac_cv_env_target_alias_set=
ac_cv_env_target_alias_value=
ac_cv_host=i686-pc-linux-gnu
ac_cv_objext=o
ac_cv_path_install='/usr/bin/install -c'
ac_cv_path_pathnescc=/usr/bin/nescc
ac_cv_path_pathperl=/usr/bin/perl
ac_cv_path_pathpython=/usr/bin/python
ac_cv_prog_AWK=gawk
ac_cv_prog_ac_ct_CC=gcc
ac_cv_prog_ac_ct_CXX=g++
ac_cv_prog_ac_ct_RANLIB=ranlib
ac_cv_prog_cc_c89=
ac_cv_prog_cc_g=yes
ac_cv_prog_cxx_g=yes
ac_cv_prog_make_make_set=yes
am_cv_CC_dependencies_compiler_type=gcc3
am_cv_CXX_dependencies_compiler_type=gcc3

## ----------------- ##
## Output variables. ##
## ----------------- ##

ACLOCAL='${SHELL} /opt/tinyos-2.x/tools/config-aux/missing --run aclocal-1.9'
AMDEPBACKSLASH='\'
AMDEP_FALSE='#'
AMDEP_TRUE=''
AMTAR='${SHELL} /opt/tinyos-2.x/tools/config-aux/missing --run tar'
AUTOCONF='${SHELL} /opt/tinyos-2.x/tools/config-aux/missing --run autoconf'
AUTOHEADER='${SHELL} /opt/tinyos-2.x/tools/config-aux/missing --run autoheader'
AUTOMAKE='${SHELL} /opt/tinyos-2.x/tools/config-aux/missing --run automake-1.9'
AWK='gawk'
CC='gcc'
CCDEPMODE='depmode=gcc3'
CFLAGS='-g -O2'
CPPFLAGS=''
CXX='g++'
CXXDEPMODE='depmode=gcc3'
CXXFLAGS='-g -O2'
CYGPATH_W='echo'
CYGWIN_FALSE=''
CYGWIN_TRUE='#'
DARWIN_FALSE=''
DARWIN_TRUE='#'
DEFS='-DPACKAGE_NAME=\"tinyos-tools\" -DPACKAGE_TARNAME=\"tinyos-tools\" -DPACKAGE_VERSION=\"1.2.4\" -DPACKAGE_STRING=\"tinyos-tools\ 1.2.4\" -DPACKAGE_BUGREPORT=\"\" -DPACKAGE=\"tinyos-tools\" -DVERSION=\"1.2.4\"'
DEPDIR='.deps'
ECHO_C=''
ECHO_N='-n'
ECHO_T=''
EXEEXT=''
GETENVLIB='libgetenv-32.so libgetenv-64.so '
INSTALLJNI='install'
INSTALL_DATA='${INSTALL} -m 644'
INSTALL_PROGRAM='${INSTALL}'
INSTALL_SCRIPT='${INSTALL}'
INSTALL_STRIP_PROGRAM='${SHELL} $(install_sh) -c -s'
JDK='/opt/jdk1.5.0_22'
JNIPREFIX='lib'
JNISUFFIX='so'
LDFLAGS=''
LIBOBJS=''
LIBS=''
LTLIBOBJS=''
MAKEINFO='${SHELL} /opt/tinyos-2.x/tools/config-aux/missing --run makeinfo'
OBJEXT='o'
PACKAGE='tinyos-tools'
PACKAGE_BUGREPORT=''
PACKAGE_NAME='tinyos-tools'
PACKAGE_STRING='tinyos-tools 1.2.4'
PACKAGE_TARNAME='tinyos-tools'
PACKAGE_VERSION='1.2.4'
PATH_SEPARATOR=':'
RANLIB='ranlib'
SET_MAKE=''
SHELL='/bin/sh'
STRIP=''
TOSCOMMLIB='libtoscomm-32.so libtoscomm-64.so '
TOSDIR='/opt/tinyos-2.x/tos'
VERSION='1.2.4'
ac_ct_CC='gcc'
ac_ct_CXX='g++'
am__fastdepCC_FALSE='#'
am__fastdepCC_TRUE=''
am__fastdepCXX_FALSE='#'
am__fastdepCXX_TRUE=''
am__include='include'
am__leading_dot='.'
am__quote=''
am__tar='${AMTAR} chof - "$$tardir"'
am__untar='${AMTAR} xf -'
bindir='${exec_prefix}/bin'
build='i686-pc-linux-gnu'
build_alias=''
build_cpu='i686'
build_os='linux-gnu'
build_vendor='pc'
datadir='${datarootdir}'
datarootdir='${prefix}/share'
default_target='mica'
docdir='${datarootdir}/doc/${PACKAGE_TARNAME}'
dvidir='${docdir}'
exec_prefix='${prefix}'
host='i686-pc-linux-gnu'
host_alias=''
host_cpu='i686'
host_os='linux-gnu'
host_vendor='pc'
htmldir='${docdir}'
includedir='${prefix}/include'
infodir='${datarootdir}/info'
install_sh='/opt/tinyos-2.x/tools/config-aux/install-sh'
libdir='${exec_prefix}/lib'
libexecdir='${exec_prefix}/libexec'
localedir='${datarootdir}/locale'
localstatedir='${prefix}/var'
mandir='${datarootdir}/man'
mkdir_p='mkdir -p --'
nescc_prefix='/usr'
oldincludedir='/usr/include'
pathnescc='/usr/bin/nescc'
pathperl='/usr/bin/perl'
pathpython='/usr/bin/python'
pdfdir='${docdir}'
prefix='/usr/local'
program_transform_name='s,x,x,'
psdir='${docdir}'
sbindir='${exec_prefix}/sbin'
sharedstatedir='${prefix}/com'
subdirs=' platforms/mica/uisp'
sysconfdir='${prefix}/etc'
target_alias=''

## ----------- ##
## confdefs.h. ##
## ----------- ##

#define PACKAGE_NAME "tinyos-tools"
#define PACKAGE_TARNAME "tinyos-tools"
#define PACKAGE_VERSION "1.2.4"
#define PACKAGE_STRING "tinyos-tools 1.2.4"
#define PACKAGE_BUGREPORT ""
#define PACKAGE "tinyos-tools"
#define VERSION "1.2.4"

configure: exit 0

## ---------------------- ##
## Running config.status. ##
## ---------------------- ##

This file was extended by tinyos-tools config.status 1.2.4, which was
generated by GNU Autoconf 2.60.  Invocation command line was

  CONFIG_FILES    = 
  CONFIG_HEADERS  = 
  CONFIG_LINKS    = 
  CONFIG_COMMANDS = 
  $ ./config.status 

on abhishek-desktop

config.status:664: creating Makefile
config.status:664: creating platforms/Makefile
config.status:664: creating platforms/mica/Makefile
config.status:664: creating platforms/mica/cc1000-channelgen/Makefile
config.status:664: creating platforms/msp430/Makefile
config.status:664: creating platforms/msp430/motelist/Makefile
config.status:664: creating platforms/msp430/pybsl/Makefile
config.status:664: creating platforms/msp430/pybsl/tos-bsl.1
config.status:664: creating platforms/msp430/pybsl/serial/Makefile
config.status:664: creating tinyos/Makefile
config.status:664: creating tinyos/java/Makefile
config.status:664: creating tinyos/java/env/Makefile
config.status:664: creating tinyos/java/serial/Makefile
config.status:664: creating tinyos/misc/tos-ident-flags
config.status:664: creating tinyos/misc/tos-install-jni
config.status:664: creating tinyos/misc/tos-set-symbols
config.status:664: creating tinyos/misc/tos-write-buildinfo
config.status:664: creating tinyos/misc/tos-write-image
config.status:664: creating tinyos/misc/tos-storage-at45db
config.status:664: creating tinyos/misc/tos-storage-stm25p
config.status:664: creating tinyos/misc/tos-storage-pxa27xp30
config.status:664: creating tinyos/misc/Makefile
config.status:664: creating tinyos/ncc/Makefile
config.status:664: creating tinyos/ncc/mig
config.status:664: creating tinyos/ncc/ncc
config.status:664: creating tinyos/ncc/ncg
config.status:664: creating tinyos/ncc/nesdoc
config.status:664: creating tinyos/ncc/nesdoc-py/Makefile
config.status:664: creating tinyos/tosthreads/Makefile
config.status:664: creating tinyos/safe/Makefile
config.status:849: executing depfiles commands
