This file contains any messages produced by compilers while
running configure, to aid debugging if configure makes a mistake.

It was created by cmotesdk configure 1.0, which was
generated by GNU Autoconf 2.60.  Invocation command line was

  $ ./configure 

## --------- ##
## Platform. ##
## --------- ##

hostname = eagle
uname -m = i686
uname -r = 2.6.18.2-34-bigsmp
uname -s = Linux
uname -v = #1 SMP Mon Jun 9 15:56:46 IST 2008

/usr/bin/uname -p = unknown
/bin/uname -X     = unknown

/bin/arch              = i686
/usr/bin/arch -k       = unknown
/usr/convex/getsysinfo = unknown
/usr/bin/hostinfo      = unknown
/bin/machine           = unknown
/usr/bin/oslevel       = unknown
/bin/universe          = unknown

PATH: /root/Downloads/Firefox/1.0.6/firefox-installer
PATH: /usr/lib/qt3/bin
PATH: /root/Downloads/Firefox/1.0.6/firefox-installer
PATH: /usr/lib/qt3/bin
PATH: /root/Downloads/Firefox/1.0.6/firefox-installer
PATH: /sbin
PATH: /usr/sbin
PATH: /usr/local/sbin
PATH: /opt/kde3/sbin
PATH: /opt/gnome/sbin
PATH: /usr/local/bin
PATH: /usr/bin
PATH: /usr/X11R6/bin
PATH: /bin
PATH: /usr/games
PATH: /opt/gnome/bin
PATH: /opt/kde3/bin
PATH: /usr/lib/mit/bin
PATH: /usr/lib/mit/sbin
PATH: /opt/msp430/bin
PATH: /usr/lib/qt3/bin
PATH: /root/OmnetSim/OMNET/omnetpp-3.4b2/bin
PATH: /opt/omnetpp-3.2p1/bin
PATH: /opt/IBMJava2-142/bin
PATH: /root/OmnetSim/OMNET/omnetpp-3.4b2/bin
PATH: /opt/omnetpp-3.2p1/bin
PATH: /opt/IBMJava2-142/bin
PATH: /root/OmnetSim/OMNET/omnetpp-3.4b2/bin


## ----------- ##
## Core tests. ##
## ----------- ##

configure:1714: checking for a BSD-compatible install
configure:1770: result: /usr/bin/install -c
configure:1781: checking whether build environment is sane
configure:1824: result: yes
configure:1889: checking for gawk
configure:1905: found /usr/bin/gawk
configure:1916: result: gawk
configure:1927: checking whether make sets $(MAKE)
configure:1948: result: yes
configure:2181: checking for gcc
configure:2197: found /usr/bin/gcc
configure:2208: result: gcc
configure:2446: checking for C compiler version
configure:2453: gcc --version >&5
gcc (GCC) 4.1.2 20061115 (prerelease) (SUSE Linux)
Copyright (C) 2006 Free Software Foundation, Inc.
This is free software; see the source for copying conditions.  There is NO
warranty; not even for MERCHANTABILITY or FITNESS FOR A PARTICULAR PURPOSE.

configure:2456: $? = 0
configure:2463: gcc -v >&5
Using built-in specs.
Target: i586-suse-linux
Configured with: ../configure --enable-threads=posix --prefix=/usr --with-local-prefix=/usr/local --infodir=/usr/share/info --mandir=/usr/share/man --libdir=/usr/lib --libexecdir=/usr/lib --enable-languages=c,c++,objc,fortran,obj-c++,java,ada --enable-checking=release --with-gxx-include-dir=/usr/include/c++/4.1.2 --enable-ssp --disable-libssp --disable-libgcj --with-slibdir=/lib --with-system-zlib --enable-shared --enable-__cxa_atexit --enable-libstdcxx-allocator=new --program-suffix=-4.1 --enable-version-specific-runtime-libs --without-system-libunwind --with-cpu=generic --host=i586-suse-linux
Thread model: posix
gcc version 4.1.2 20061115 (prerelease) (SUSE Linux)
configure:2466: $? = 0
configure:2473: gcc -V >&5
gcc: '-V' option must have argument
configure:2476: $? = 1
configure:2499: checking for C compiler default output file name
configure:2526: gcc    conftest.c  >&5
configure:2529: $? = 0
configure:2575: result: a.out
configure:2580: checking whether the C compiler works
configure:2590: ./a.out
configure:2593: $? = 0
configure:2610: result: yes
configure:2617: checking whether we are cross compiling
configure:2619: result: no
configure:2622: checking for suffix of executables
configure:2629: gcc -o conftest    conftest.c  >&5
configure:2632: $? = 0
configure:2656: result: 
configure:2662: checking for suffix of object files
configure:2688: gcc -c   conftest.c >&5
configure:2691: $? = 0
configure:2714: result: o
configure:2718: checking whether we are using the GNU C compiler
configure:2747: gcc -c   conftest.c >&5
configure:2753: $? = 0
configure:2760: test -z "$ac_c_werror_flag" || test ! -s conftest.err
configure:2763: $? = 0
configure:2770: test -s conftest.o
configure:2773: $? = 0
configure:2787: result: yes
configure:2792: checking whether gcc accepts -g
configure:2822: gcc -c -g  conftest.c >&5
configure:2828: $? = 0
configure:2835: test -z "$ac_c_werror_flag" || test ! -s conftest.err
configure:2838: $? = 0
configure:2845: test -s conftest.o
configure:2848: $? = 0
configure:2978: result: yes
configure:2995: checking for gcc option to accept ISO C89
configure:3069: gcc  -c -g -O2  conftest.c >&5
configure:3075: $? = 0
configure:3082: test -z "$ac_c_werror_flag" || test ! -s conftest.err
configure:3085: $? = 0
configure:3092: test -s conftest.o
configure:3095: $? = 0
configure:3115: result: none needed
configure:3144: checking for style of include used by make
configure:3172: result: GNU
configure:3200: checking dependency style of gcc
configure:3290: result: gcc3
configure:3350: checking for ranlib
configure:3366: found /usr/bin/ranlib
configure:3377: result: ranlib
configure:3520: creating ./config.status

## ---------------------- ##
## Running config.status. ##
## ---------------------- ##

This file was extended by cmotesdk config.status 1.0, which was
generated by GNU Autoconf 2.60.  Invocation command line was

  CONFIG_FILES    = 
  CONFIG_HEADERS  = 
  CONFIG_LINKS    = 
  CONFIG_COMMANDS = 
  $ ./config.status 

on eagle

config.status:618: creating Makefile
config.status:618: creating autoconf.h
config.status:828: autoconf.h is unchanged
config.status:874: executing depfiles commands

## ---------------- ##
## Cache variables. ##
## ---------------- ##

ac_cv_c_compiler_gnu=yes
ac_cv_env_CC_set=
ac_cv_env_CC_value=
ac_cv_env_CFLAGS_set=
ac_cv_env_CFLAGS_value=
ac_cv_env_CPPFLAGS_set=
ac_cv_env_CPPFLAGS_value=
ac_cv_env_LDFLAGS_set=
ac_cv_env_LDFLAGS_value=
ac_cv_env_build_alias_set=
ac_cv_env_build_alias_value=
ac_cv_env_host_alias_set=
ac_cv_env_host_alias_value=
ac_cv_env_target_alias_set=
ac_cv_env_target_alias_value=
ac_cv_objext=o
ac_cv_path_install='/usr/bin/install -c'
ac_cv_prog_AWK=gawk
ac_cv_prog_ac_ct_CC=gcc
ac_cv_prog_ac_ct_RANLIB=ranlib
ac_cv_prog_cc_c89=
ac_cv_prog_cc_g=yes
ac_cv_prog_make_make_set=yes
am_cv_CC_dependencies_compiler_type=gcc3

## ----------------- ##
## Output variables. ##
## ----------------- ##

ACLOCAL='${SHELL} /opt/CVSTinyOS/tinyos-2.x/support/sdk/c/sf/config-aux/missing --run aclocal-1.9'
AMDEPBACKSLASH='\'
AMDEP_FALSE='#'
AMDEP_TRUE=''
AMTAR='${SHELL} /opt/CVSTinyOS/tinyos-2.x/support/sdk/c/sf/config-aux/missing --run tar'
AUTOCONF='${SHELL} /opt/CVSTinyOS/tinyos-2.x/support/sdk/c/sf/config-aux/missing --run autoconf'
AUTOHEADER='${SHELL} /opt/CVSTinyOS/tinyos-2.x/support/sdk/c/sf/config-aux/missing --run autoheader'
AUTOMAKE='${SHELL} /opt/CVSTinyOS/tinyos-2.x/support/sdk/c/sf/config-aux/missing --run automake-1.9'
AWK='gawk'
CC='gcc'
CCDEPMODE='depmode=gcc3'
CFLAGS='-g -O2'
CPPFLAGS=''
CYGPATH_W='echo'
DEFS='-DHAVE_CONFIG_H'
DEPDIR='.deps'
ECHO_C=''
ECHO_N='-n'
ECHO_T=''
EXEEXT=''
INSTALL_DATA='${INSTALL} -m 644'
INSTALL_PROGRAM='${INSTALL}'
INSTALL_SCRIPT='${INSTALL}'
INSTALL_STRIP_PROGRAM='${SHELL} $(install_sh) -c -s'
LDFLAGS=''
LIBOBJS=''
LIBS=''
LTLIBOBJS=''
MAKEINFO='${SHELL} /opt/CVSTinyOS/tinyos-2.x/support/sdk/c/sf/config-aux/missing --run makeinfo'
OBJEXT='o'
PACKAGE='cmotesdk'
PACKAGE_BUGREPORT=''
PACKAGE_NAME='cmotesdk'
PACKAGE_STRING='cmotesdk 1.0'
PACKAGE_TARNAME='cmotesdk'
PACKAGE_VERSION='1.0'
PATH_SEPARATOR=':'
RANLIB='ranlib'
SET_MAKE=''
SHELL='/bin/sh'
STRIP=''
VERSION='1.0'
ac_ct_CC='gcc'
am__fastdepCC_FALSE='#'
am__fastdepCC_TRUE=''
am__include='include'
am__leading_dot='.'
am__quote=''
am__tar='${AMTAR} chof - "$$tardir"'
am__untar='${AMTAR} xf -'
bindir='${exec_prefix}/bin'
build_alias=''
datadir='${datarootdir}'
datarootdir='${prefix}/share'
docdir='${datarootdir}/doc/${PACKAGE_TARNAME}'
dvidir='${docdir}'
exec_prefix='${prefix}'
host_alias=''
htmldir='${docdir}'
includedir='${prefix}/include'
infodir='${datarootdir}/info'
install_sh='/opt/CVSTinyOS/tinyos-2.x/support/sdk/c/sf/config-aux/install-sh'
libdir='${exec_prefix}/lib'
libexecdir='${exec_prefix}/libexec'
localedir='${datarootdir}/locale'
localstatedir='${prefix}/var'
mandir='${datarootdir}/man'
mkdir_p='mkdir -p --'
oldincludedir='/usr/include'
pdfdir='${docdir}'
prefix='/usr/local'
program_transform_name='s,x,x,'
psdir='${docdir}'
sbindir='${exec_prefix}/sbin'
sharedstatedir='${prefix}/com'
sysconfdir='${prefix}/etc'
target_alias=''

## ----------- ##
## confdefs.h. ##
## ----------- ##

#define PACKAGE_NAME "cmotesdk"
#define PACKAGE_TARNAME "cmotesdk"
#define PACKAGE_VERSION "1.0"
#define PACKAGE_STRING "cmotesdk 1.0"
#define PACKAGE_BUGREPORT ""
#define PACKAGE "cmotesdk"
#define VERSION "1.0"

configure: exit 0

## ---------------------- ##
## Running config.status. ##
## ---------------------- ##

This file was extended by cmotesdk config.status 1.0, which was
generated by GNU Autoconf 2.60.  Invocation command line was

  CONFIG_FILES    = 
  CONFIG_HEADERS  = 
  CONFIG_LINKS    = 
  CONFIG_COMMANDS = 
  $ ./config.status autoconf.h

on eagle

config.status:618: creating autoconf.h
config.status:828: autoconf.h is unchanged
